<?xml version="1.0" encoding="UTF-8"?>
<testng-results skipped="0" failed="0" total="1" passed="1">
  <reporter-output>
  </reporter-output>
  <suite name="aa" duration-ms="21" started-at="2016-11-30T13:31:05Z" finished-at="2016-11-30T13:31:05Z">
    <groups>
      <group name="aaa">
        <method signature="NewTest.g()[pri:0, instance:com.luojiahui.jenkins.NewTest@2669b199]" name="g" class="com.luojiahui.jenkins.NewTest"/>
      </group> <!-- aaa -->
    </groups>
    <test name="bb" duration-ms="21" started-at="2016-11-30T13:31:05Z" finished-at="2016-11-30T13:31:05Z">
      <class name="com.luojiahui.jenkins.NewTest">
        <test-method status="PASS" signature="g()[pri:0, instance:com.luojiahui.jenkins.NewTest@2669b199]" name="g" duration-ms="9" started-at="2016-11-30T21:31:05Z" finished-at="2016-11-30T21:31:05Z">
          <reporter-output>
          </reporter-output>
        </test-method> <!-- g -->
      </class> <!-- com.luojiahui.jenkins.NewTest -->
    </test> <!-- bb -->
  </suite> <!-- aa -->
</testng-results>
